2018-09-18 13:04:22.719 INFO [restartedMain]com.yj.server.BackendApplication.logStarting:50 -Starting BackendApplication on PC-20180809XXFB with PID 11432 (D:\gitNew\SpringBootBackend\target\classes started by Administrator in D:\gitNew\SpringBootBackend)
2018-09-18 13:04:22.721 INFO [restartedMain]com.yj.server.BackendApplication.logStartupProfileInfo:659 -No active profile set, falling back to default profiles: default
2018-09-18 13:04:22.785 INFO [restartedMain]o.s.b.w.s.c.AnnotationConfigServletWebServerApplicationContext.prepareRefresh:590 -Refreshing org.springframework.boot.web.servlet.context.AnnotationConfigServletWebServerApplicationContext@5163c55a: startup date [Tue Sep 18 13:04:22 CST 2018]; root of context hierarchy
2018-09-18 13:04:24.371 INFO [restartedMain]o.s.d.repository.config.RepositoryConfigurationDelegate.multipleStoresDetected:163 -Multiple Spring Data modules found, entering strict repository configuration mode!
2018-09-18 13:04:24.934 INFO [restartedMain]o.s.c.s.PostProcessorRegistrationDelegate$BeanPostProcessorChecker.postProcessAfterInitialization:328 -Bean 'shiroConfig' of type [com.yj.server.config.ShiroConfig$$EnhancerBySpringCGLIB$$3e05e7f8] is not eligible for getting processed by all BeanPostProcessors (for example: not eligible for auto-proxying)
2018-09-18 13:04:25.775 INFO [restartedMain]o.s.c.s.PostProcessorRegistrationDelegate$BeanPostProcessorChecker.postProcessAfterInitialization:328 -Bean 'hashedCredentialsMatcher' of type [org.apache.shiro.authc.credential.HashedCredentialsMatcher] is not eligible for getting processed by all BeanPostProcessors (for example: not eligible for auto-proxying)
2018-09-18 13:04:25.825 INFO [restartedMain]o.s.c.s.PostProcessorRegistrationDelegate$BeanPostProcessorChecker.postProcessAfterInitialization:328 -Bean 'org.springframework.boot.context.properties.ConversionServiceDeducer$Factory' of type [org.springframework.boot.context.properties.ConversionServiceDeducer$Factory] is not eligible for getting processed by all BeanPostProcessors (for example: not eligible for auto-proxying)
2018-09-18 13:04:25.837 INFO [restartedMain]o.s.c.s.PostProcessorRegistrationDelegate$BeanPostProcessorChecker.postProcessAfterInitialization:328 -Bean 'mybatis-org.mybatis.spring.boot.autoconfigure.MybatisProperties' of type [org.mybatis.spring.boot.autoconfigure.MybatisProperties] is not eligible for getting processed by all BeanPostProcessors (for example: not eligible for auto-proxying)
2018-09-18 13:04:25.856 INFO [restartedMain]o.s.c.s.PostProcessorRegistrationDelegate$BeanPostProcessorChecker.postProcessAfterInitialization:328 -Bean 'org.mybatis.spring.boot.autoconfigure.MybatisAutoConfiguration' of type [org.mybatis.spring.boot.autoconfigure.MybatisAutoConfiguration$$EnhancerBySpringCGLIB$$7fe72e81] is not eligible for getting processed by all BeanPostProcessors (for example: not eligible for auto-proxying)
2018-09-18 13:04:25.865 INFO [restartedMain]o.s.c.s.PostProcessorRegistrationDelegate$BeanPostProcessorChecker.postProcessAfterInitialization:328 -Bean 'com.alibaba.druid.spring.boot.autoconfigure.DruidDataSourceAutoConfigure' of type [com.alibaba.druid.spring.boot.autoconfigure.DruidDataSourceAutoConfigure$$EnhancerBySpringCGLIB$$66bed2c3] is not eligible for getting processed by all BeanPostProcessors (for example: not eligible for auto-proxying)
2018-09-18 13:04:25.870 INFO [restartedMain]c.a.d.s.boot.autoconfigure.DruidDataSourceAutoConfigure.dataSource:56 -Init DruidDataSource
2018-09-18 13:04:25.957 INFO [restartedMain]o.s.c.s.PostProcessorRegistrationDelegate$BeanPostProcessorChecker.postProcessAfterInitialization:328 -Bean 'spring.datasource-org.springframework.boot.autoconfigure.jdbc.DataSourceProperties' of type [org.springframework.boot.autoconfigure.jdbc.DataSourceProperties] is not eligible for getting processed by all BeanPostProcessors (for example: not eligible for auto-proxying)
2018-09-18 13:04:25.967 INFO [restartedMain]o.s.c.s.PostProcessorRegistrationDelegate$BeanPostProcessorChecker.postProcessAfterInitialization:328 -Bean 'com.alibaba.druid.spring.boot.autoconfigure.stat.DruidFilterConfiguration' of type [com.alibaba.druid.spring.boot.autoconfigure.stat.DruidFilterConfiguration] is not eligible for getting processed by all BeanPostProcessors (for example: not eligible for auto-proxying)
2018-09-18 13:04:26.017 INFO [restartedMain]o.s.c.s.PostProcessorRegistrationDelegate$BeanPostProcessorChecker.postProcessAfterInitialization:328 -Bean 'statFilter' of type [com.alibaba.druid.filter.stat.StatFilter] is not eligible for getting processed by all BeanPostProcessors (for example: not eligible for auto-proxying)
2018-09-18 13:04:26.394 INFO [restartedMain]com.alibaba.druid.pool.DruidDataSource.init:928 -{dataSource-1} inited
2018-09-18 13:04:26.395 INFO [restartedMain]o.s.c.s.PostProcessorRegistrationDelegate$BeanPostProcessorChecker.postProcessAfterInitialization:328 -Bean 'dataSource' of type [com.alibaba.druid.spring.boot.autoconfigure.DruidDataSourceWrapper] is not eligible for getting processed by all BeanPostProcessors (for example: not eligible for auto-proxying)
2018-09-18 13:04:26.605 INFO [restartedMain]o.s.c.s.PostProcessorRegistrationDelegate$BeanPostProcessorChecker.postProcessAfterInitialization:328 -Bean 'sqlSessionFactory' of type [org.apache.ibatis.session.defaults.DefaultSqlSessionFactory] is not eligible for getting processed by all BeanPostProcessors (for example: not eligible for auto-proxying)
2018-09-18 13:04:26.623 INFO [restartedMain]o.s.c.s.PostProcessorRegistrationDelegate$BeanPostProcessorChecker.postProcessAfterInitialization:328 -Bean 'sqlSessionTemplate' of type [org.mybatis.spring.SqlSessionTemplate] is not eligible for getting processed by all BeanPostProcessors (for example: not eligible for auto-proxying)
2018-09-18 13:04:26.625 INFO [restartedMain]o.s.c.s.PostProcessorRegistrationDelegate$BeanPostProcessorChecker.postProcessAfterInitialization:328 -Bean 'systemUserDao' of type [org.mybatis.spring.mapper.MapperFactoryBean] is not eligible for getting processed by all BeanPostProcessors (for example: not eligible for auto-proxying)
2018-09-18 13:04:26.628 INFO [restartedMain]o.s.c.s.PostProcessorRegistrationDelegate$BeanPostProcessorChecker.postProcessAfterInitialization:328 -Bean 'systemUserDao' of type [com.sun.proxy.$Proxy71] is not eligible for getting processed by all BeanPostProcessors (for example: not eligible for auto-proxying)
2018-09-18 13:04:26.630 INFO [restartedMain]o.s.c.s.PostProcessorRegistrationDelegate$BeanPostProcessorChecker.postProcessAfterInitialization:328 -Bean 'systemUserServiceImpl' of type [com.yj.server.service.impl.SystemUserServiceImpl] is not eligible for getting processed by all BeanPostProcessors (for example: not eligible for auto-proxying)
2018-09-18 13:04:26.631 INFO [restartedMain]o.s.c.s.PostProcessorRegistrationDelegate$BeanPostProcessorChecker.postProcessAfterInitialization:328 -Bean 'myShiroRealm' of type [com.yj.server.shiro.MyShiroRealm] is not eligible for getting processed by all BeanPostProcessors (for example: not eligible for auto-proxying)
2018-09-18 13:04:26.647 INFO [restartedMain]o.s.c.s.PostProcessorRegistrationDelegate$BeanPostProcessorChecker.postProcessAfterInitialization:328 -Bean 'securityManager' of type [org.apache.shiro.web.mgt.DefaultWebSecurityManager] is not eligible for getting processed by all BeanPostProcessors (for example: not eligible for auto-proxying)
2018-09-18 13:04:26.754 INFO [restartedMain]o.s.c.s.PostProcessorRegistrationDelegate$BeanPostProcessorChecker.postProcessAfterInitialization:328 -Bean 'authorizationAttributeSourceAdvisor' of type [org.apache.shiro.spring.security.interceptor.AuthorizationAttributeSourceAdvisor] is not eligible for getting processed by all BeanPostProcessors (for example: not eligible for auto-proxying)
2018-09-18 13:04:26.815 INFO [restartedMain]o.s.c.s.PostProcessorRegistrationDelegate$BeanPostProcessorChecker.postProcessAfterInitialization:328 -Bean 'org.springframework.transaction.annotation.ProxyTransactionManagementConfiguration' of type [org.springframework.transaction.annotation.ProxyTransactionManagementConfiguration$$EnhancerBySpringCGLIB$$4d12dd51] is not eligible for getting processed by all BeanPostProcessors (for example: not eligible for auto-proxying)
2018-09-18 13:04:27.674 INFO [restartedMain]o.s.boot.web.embedded.tomcat.TomcatWebServer.initialize:91 -Tomcat initialized with port(s): 88 (http)
2018-09-18 13:04:27.700 INFO [restartedMain]org.apache.coyote.http11.Http11NioProtocol.log:180 -Initializing ProtocolHandler ["http-nio-88"]
2018-09-18 13:04:27.717 INFO [restartedMain]org.apache.catalina.core.StandardService.log:180 -Starting service [Tomcat]
2018-09-18 13:04:27.717 INFO [restartedMain]org.apache.catalina.core.StandardEngine.log:180 -Starting Servlet Engine: Apache Tomcat/8.5.29
2018-09-18 13:04:27.730 INFO [localhost-startStop-1]org.apache.catalina.core.AprLifecycleListener.log:180 -The APR based Apache Tomcat Native library which allows optimal performance in production environments was not found on the java.library.path: [C:\Users\Administrator\AppData\Local\MyEclipse 2017 CI\binary\com.sun.java.jdk8.win32.x86_64_1.8.0.v112\bin;C:\windows\Sun\Java\bin;C:\windows\system32;C:\windows;C:\Program Files (x86)\Common Files\Oracle\Java\javapath;C:\windows\system32;C:\windows;C:\windows\System32\Wbem;C:\windows\System32\WindowsPowerShell\v1.0\;C:\Program Files\MySQL\MySQL Utilities 1.6\;D:\maven\apache-maven-3.5.4\bin;C:\Program Files\TortoiseSVN\bin;D:\软件\node_global;C;\Program Files (x86)\Microsoft VS Code\bin;C:\Program Files\Git\cmd;C:\Users\Administrator\AppData\Local\Microsoft\WindowsApps;D:\软件;C:\Users\Administrator\AppData\Roaming\npm;C:\Users\Administrator\AppData\Local\GitHubDesktop\bin;.]
2018-09-18 13:04:27.928 INFO [localhost-startStop-1]o.a.catalina.core.ContainerBase.[Tomcat].[localhost].[/].log:180 -Initializing Spring embedded WebApplicationContext
2018-09-18 13:04:27.929 INFO [localhost-startStop-1]org.springframework.web.context.ContextLoader.prepareWebApplicationContext:285 -Root WebApplicationContext: initialization completed in 5144 ms
2018-09-18 13:04:28.318 INFO [localhost-startStop-1]o.s.boot.web.servlet.ServletRegistrationBean.addRegistration:185 -Servlet dispatcherServlet mapped to [/]
2018-09-18 13:04:28.320 INFO [localhost-startStop-1]o.s.boot.web.servlet.ServletRegistrationBean.addRegistration:185 -Servlet statViewServlet mapped to [/druid/*]
2018-09-18 13:04:28.324 INFO [localhost-startStop-1]o.s.boot.web.servlet.FilterRegistrationBean.configure:244 -Mapping filter: 'characterEncodingFilter' to: [/*]
2018-09-18 13:04:28.324 INFO [localhost-startStop-1]o.s.boot.web.servlet.FilterRegistrationBean.configure:244 -Mapping filter: 'hiddenHttpMethodFilter' to: [/*]
2018-09-18 13:04:28.325 INFO [localhost-startStop-1]o.s.boot.web.servlet.FilterRegistrationBean.configure:244 -Mapping filter: 'httpPutFormContentFilter' to: [/*]
2018-09-18 13:04:28.325 INFO [localhost-startStop-1]o.s.boot.web.servlet.FilterRegistrationBean.configure:244 -Mapping filter: 'requestContextFilter' to: [/*]
2018-09-18 13:04:28.325 INFO [localhost-startStop-1]o.s.boot.web.servlet.FilterRegistrationBean.configure:257 -Mapping filter: 'webStatFilter' to urls: [/*]
2018-09-18 13:04:28.325 INFO [localhost-startStop-1]o.s.boot.web.servlet.FilterRegistrationBean.configure:244 -Mapping filter: 'shirFilter' to: [/*]
2018-09-18 13:04:29.334 INFO [restartedMain]o.s.web.servlet.handler.SimpleUrlHandlerMapping.registerHandler:373 -Mapped URL path [/**/favicon.ico] onto handler of type [class org.springframework.web.servlet.resource.ResourceHttpRequestHandler]
2018-09-18 13:04:30.137 INFO [restartedMain]o.s.w.s.m.method.annotation.RequestMappingHandlerAdapter.initControllerAdviceCache:574 -Looking for @ControllerAdvice: org.springframework.boot.web.servlet.context.AnnotationConfigServletWebServerApplicationContext@5163c55a: startup date [Tue Sep 18 13:04:22 CST 2018]; root of context hierarchy
2018-09-18 13:04:30.278 INFO [restartedMain]o.s.w.s.m.method.annotation.RequestMappingHandlerMapping.register:547 -Mapped "{[/]}" onto public java.lang.String com.yj.server.controller.HomePageController.index(org.springframework.ui.ModelMap)
2018-09-18 13:04:30.280 INFO [restartedMain]o.s.w.s.m.method.annotation.RequestMappingHandlerMapping.register:547 -Mapped "{[/vrcode]}" onto public void com.yj.server.controller.HomePageController.defaultKaptcha(java.lang.String,javax.servlet.http.HttpServletResponse)
2018-09-18 13:04:30.280 INFO [restartedMain]o.s.w.s.m.method.annotation.RequestMappingHandlerMapping.register:547 -Mapped "{[/back/login]}" onto public java.lang.String com.yj.server.controller.HomePageController.login(org.springframework.ui.ModelMap)
2018-09-18 13:04:30.284 INFO [restartedMain]o.s.w.s.m.method.annotation.RequestMappingHandlerMapping.register:547 -Mapped "{[/system/webLogin],methods=[POST]}" onto public com.yj.server.dto.ResponseInfo com.yj.server.controller.LoginController.login(java.lang.String,java.lang.String,java.lang.String,java.lang.String)
2018-09-18 13:04:30.285 INFO [restartedMain]o.s.w.s.m.method.annotation.RequestMappingHandlerMapping.register:547 -Mapped "{[/system/restLogin],methods=[POST]}" onto public com.yj.server.dto.Token com.yj.server.controller.LoginController.restfulLogin(java.lang.String,java.lang.String)
2018-09-18 13:04:30.287 INFO [restartedMain]o.s.w.s.m.method.annotation.RequestMappingHandlerMapping.register:547 -Mapped "{[/error]}" onto public org.springframework.http.ResponseEntity<java.util.Map<java.lang.String, java.lang.Object>> org.springframework.boot.autoconfigure.web.servlet.error.BasicErrorController.error(javax.servlet.http.HttpServletRequest)
2018-09-18 13:04:30.288 INFO [restartedMain]o.s.w.s.m.method.annotation.RequestMappingHandlerMapping.register:547 -Mapped "{[/error],produces=[text/html]}" onto public org.springframework.web.servlet.ModelAndView org.springframework.boot.autoconfigure.web.servlet.error.BasicErrorController.errorHtml(javax.servlet.http.HttpServletRequest,javax.servlet.http.HttpServletResponse)
2018-09-18 13:04:30.395 INFO [restartedMain]o.s.web.servlet.handler.SimpleUrlHandlerMapping.registerHandler:373 -Mapped URL path [/webjars/**] onto handler of type [class org.springframework.web.servlet.resource.ResourceHttpRequestHandler]
2018-09-18 13:04:30.396 INFO [restartedMain]o.s.web.servlet.handler.SimpleUrlHandlerMapping.registerHandler:373 -Mapped URL path [/**] onto handler of type [class org.springframework.web.servlet.resource.ResourceHttpRequestHandler]
2018-09-18 13:04:30.437 INFO [restartedMain]o.s.w.s.m.m.annotation.ExceptionHandlerExceptionResolver.initExceptionHandlerAdviceCache:288 -Detected @ExceptionHandler methods in exceptionHandlerAdvice
2018-09-18 13:04:30.601 WARN [restartedMain]org.thymeleaf.templatemode.TemplateMode.parse:150 -[THYMELEAF][restartedMain] Template Mode 'HTML5' is deprecated. Using Template Mode 'HTML' instead.
2018-09-18 13:04:30.698 INFO [restartedMain]o.s.b.a.web.servlet.WelcomePageHandlerMapping.<init>:56 -Adding welcome page: class path resource [templates/index.html]
2018-09-18 13:04:31.253 INFO [restartedMain]o.s.web.servlet.view.freemarker.FreeMarkerConfigurer.postProcessTemplateLoaders:131 -ClassTemplateLoader for Spring macros added to FreeMarker configuration
2018-09-18 13:04:32.502 INFO [restartedMain]o.s.boot.devtools.autoconfigure.OptionalLiveReloadServer.startServer:57 -LiveReload server is running on port 35729
2018-09-18 13:04:32.564 INFO [restartedMain]o.s.jmx.export.annotation.AnnotationMBeanExporter.afterSingletonsInstantiated:433 -Registering beans for JMX exposure on startup
2018-09-18 13:04:32.570 INFO [restartedMain]o.s.jmx.export.annotation.AnnotationMBeanExporter.autodetect:895 -Bean with name 'statFilter' has been autodetected for JMX exposure
2018-09-18 13:04:32.571 INFO [restartedMain]o.s.jmx.export.annotation.AnnotationMBeanExporter.autodetect:895 -Bean with name 'dataSource' has been autodetected for JMX exposure
2018-09-18 13:04:32.580 INFO [restartedMain]o.s.jmx.export.annotation.AnnotationMBeanExporter.registerBeanInstance:668 -Located MBean 'dataSource': registering with JMX server as MBean [com.alibaba.druid.spring.boot.autoconfigure:name=dataSource,type=DruidDataSourceWrapper]
2018-09-18 13:04:32.581 INFO [restartedMain]o.s.jmx.export.annotation.AnnotationMBeanExporter.registerBeanInstance:668 -Located MBean 'statFilter': registering with JMX server as MBean [com.alibaba.druid.filter.stat:name=statFilter,type=StatFilter]
2018-09-18 13:04:32.592 INFO [restartedMain]o.s.context.support.DefaultLifecycleProcessor.start:351 -Starting beans in phase 2147483647
2018-09-18 13:04:32.608 INFO [restartedMain]org.apache.coyote.http11.Http11NioProtocol.log:180 -Starting ProtocolHandler ["http-nio-88"]
2018-09-18 13:04:32.637 INFO [restartedMain]org.apache.tomcat.util.net.NioSelectorPool.log:180 -Using a shared selector for servlet write/read
2018-09-18 13:04:32.671 INFO [restartedMain]o.s.boot.web.embedded.tomcat.TomcatWebServer.start:206 -Tomcat started on port(s): 88 (http) with context path ''
2018-09-18 13:04:32.677 INFO [restartedMain]com.yj.server.BackendApplication.logStarted:59 -Started BackendApplication in 10.48 seconds (JVM running for 11.254)
2018-09-18 13:04:36.994 INFO [http-nio-88-exec-1]o.a.catalina.core.ContainerBase.[Tomcat].[localhost].[/].log:180 -Initializing Spring FrameworkServlet 'dispatcherServlet'
2018-09-18 13:04:36.994 INFO [http-nio-88-exec-1]org.springframework.web.servlet.DispatcherServlet.initServletBean:494 -FrameworkServlet 'dispatcherServlet': initialization started
2018-09-18 13:04:37.035 INFO [http-nio-88-exec-1]org.springframework.web.servlet.DispatcherServlet.initServletBean:509 -FrameworkServlet 'dispatcherServlet': initialization completed in 39 ms
2018-09-18 13:04:47.809 INFO [http-nio-88-exec-3]io.lettuce.core.EpollProvider.info:101 -Starting without optional epoll library
2018-09-18 13:04:47.812 INFO [http-nio-88-exec-3]io.lettuce.core.KqueueProvider.info:101 -Starting without optional kqueue library
