2018-09-19 21:03:10.047 INFO [restartedMain]com.yj.server.BackendApplication.logStarting:50 -Starting BackendApplication on PC-20180809XXFB with PID 8300 (D:\gitNew\SpringBootBackend\target\classes started by Administrator in D:\gitNew\SpringBootBackend)
2018-09-19 21:03:10.049 INFO [restartedMain]com.yj.server.BackendApplication.logStartupProfileInfo:659 -No active profile set, falling back to default profiles: default
2018-09-19 21:03:10.118 INFO [restartedMain]o.s.b.w.s.c.AnnotationConfigServletWebServerApplicationContext.prepareRefresh:590 -Refreshing org.springframework.boot.web.servlet.context.AnnotationConfigServletWebServerApplicationContext@288eae9f: startup date [Wed Sep 19 21:03:10 CST 2018]; root of context hierarchy
2018-09-19 21:03:11.364 INFO [restartedMain]o.s.d.repository.config.RepositoryConfigurationDelegate.multipleStoresDetected:163 -Multiple Spring Data modules found, entering strict repository configuration mode!
2018-09-19 21:03:11.837 INFO [restartedMain]o.s.c.s.PostProcessorRegistrationDelegate$BeanPostProcessorChecker.postProcessAfterInitialization:328 -Bean 'shiroConfig' of type [com.yj.server.config.ShiroConfig$$EnhancerBySpringCGLIB$$5daf6cd3] is not eligible for getting processed by all BeanPostProcessors (for example: not eligible for auto-proxying)
2018-09-19 21:03:12.512 INFO [restartedMain]o.s.c.s.PostProcessorRegistrationDelegate$BeanPostProcessorChecker.postProcessAfterInitialization:328 -Bean 'hashedCredentialsMatcher' of type [org.apache.shiro.authc.credential.HashedCredentialsMatcher] is not eligible for getting processed by all BeanPostProcessors (for example: not eligible for auto-proxying)
2018-09-19 21:03:12.545 INFO [restartedMain]o.s.c.s.PostProcessorRegistrationDelegate$BeanPostProcessorChecker.postProcessAfterInitialization:328 -Bean 'org.springframework.boot.context.properties.ConversionServiceDeducer$Factory' of type [org.springframework.boot.context.properties.ConversionServiceDeducer$Factory] is not eligible for getting processed by all BeanPostProcessors (for example: not eligible for auto-proxying)
2018-09-19 21:03:12.552 INFO [restartedMain]o.s.c.s.PostProcessorRegistrationDelegate$BeanPostProcessorChecker.postProcessAfterInitialization:328 -Bean 'mybatis-org.mybatis.spring.boot.autoconfigure.MybatisProperties' of type [org.mybatis.spring.boot.autoconfigure.MybatisProperties] is not eligible for getting processed by all BeanPostProcessors (for example: not eligible for auto-proxying)
2018-09-19 21:03:12.564 INFO [restartedMain]o.s.c.s.PostProcessorRegistrationDelegate$BeanPostProcessorChecker.postProcessAfterInitialization:328 -Bean 'org.mybatis.spring.boot.autoconfigure.MybatisAutoConfiguration' of type [org.mybatis.spring.boot.autoconfigure.MybatisAutoConfiguration$$EnhancerBySpringCGLIB$$9f90b35c] is not eligible for getting processed by all BeanPostProcessors (for example: not eligible for auto-proxying)
2018-09-19 21:03:12.572 INFO [restartedMain]o.s.c.s.PostProcessorRegistrationDelegate$BeanPostProcessorChecker.postProcessAfterInitialization:328 -Bean 'com.alibaba.druid.spring.boot.autoconfigure.DruidDataSourceAutoConfigure' of type [com.alibaba.druid.spring.boot.autoconfigure.DruidDataSourceAutoConfigure$$EnhancerBySpringCGLIB$$8668579e] is not eligible for getting processed by all BeanPostProcessors (for example: not eligible for auto-proxying)
2018-09-19 21:03:12.576 INFO [restartedMain]c.a.d.s.boot.autoconfigure.DruidDataSourceAutoConfigure.dataSource:56 -Init DruidDataSource
2018-09-19 21:03:12.650 INFO [restartedMain]o.s.c.s.PostProcessorRegistrationDelegate$BeanPostProcessorChecker.postProcessAfterInitialization:328 -Bean 'spring.datasource-org.springframework.boot.autoconfigure.jdbc.DataSourceProperties' of type [org.springframework.boot.autoconfigure.jdbc.DataSourceProperties] is not eligible for getting processed by all BeanPostProcessors (for example: not eligible for auto-proxying)
2018-09-19 21:03:12.658 INFO [restartedMain]o.s.c.s.PostProcessorRegistrationDelegate$BeanPostProcessorChecker.postProcessAfterInitialization:328 -Bean 'com.alibaba.druid.spring.boot.autoconfigure.stat.DruidFilterConfiguration' of type [com.alibaba.druid.spring.boot.autoconfigure.stat.DruidFilterConfiguration] is not eligible for getting processed by all BeanPostProcessors (for example: not eligible for auto-proxying)
2018-09-19 21:03:12.714 INFO [restartedMain]o.s.c.s.PostProcessorRegistrationDelegate$BeanPostProcessorChecker.postProcessAfterInitialization:328 -Bean 'statFilter' of type [com.alibaba.druid.filter.stat.StatFilter] is not eligible for getting processed by all BeanPostProcessors (for example: not eligible for auto-proxying)
2018-09-19 21:03:13.121 INFO [restartedMain]com.alibaba.druid.pool.DruidDataSource.init:928 -{dataSource-1} inited
2018-09-19 21:03:13.121 INFO [restartedMain]o.s.c.s.PostProcessorRegistrationDelegate$BeanPostProcessorChecker.postProcessAfterInitialization:328 -Bean 'dataSource' of type [com.alibaba.druid.spring.boot.autoconfigure.DruidDataSourceWrapper] is not eligible for getting processed by all BeanPostProcessors (for example: not eligible for auto-proxying)
2018-09-19 21:03:13.322 INFO [restartedMain]o.s.c.s.PostProcessorRegistrationDelegate$BeanPostProcessorChecker.postProcessAfterInitialization:328 -Bean 'sqlSessionFactory' of type [org.apache.ibatis.session.defaults.DefaultSqlSessionFactory] is not eligible for getting processed by all BeanPostProcessors (for example: not eligible for auto-proxying)
2018-09-19 21:03:13.334 INFO [restartedMain]o.s.c.s.PostProcessorRegistrationDelegate$BeanPostProcessorChecker.postProcessAfterInitialization:328 -Bean 'sqlSessionTemplate' of type [org.mybatis.spring.SqlSessionTemplate] is not eligible for getting processed by all BeanPostProcessors (for example: not eligible for auto-proxying)
2018-09-19 21:03:13.335 INFO [restartedMain]o.s.c.s.PostProcessorRegistrationDelegate$BeanPostProcessorChecker.postProcessAfterInitialization:328 -Bean 'systemUserDao' of type [org.mybatis.spring.mapper.MapperFactoryBean] is not eligible for getting processed by all BeanPostProcessors (for example: not eligible for auto-proxying)
2018-09-19 21:03:13.337 INFO [restartedMain]o.s.c.s.PostProcessorRegistrationDelegate$BeanPostProcessorChecker.postProcessAfterInitialization:328 -Bean 'systemUserDao' of type [com.sun.proxy.$Proxy72] is not eligible for getting processed by all BeanPostProcessors (for example: not eligible for auto-proxying)
2018-09-19 21:03:13.338 INFO [restartedMain]o.s.c.s.PostProcessorRegistrationDelegate$BeanPostProcessorChecker.postProcessAfterInitialization:328 -Bean 'systemUserServiceImpl' of type [com.yj.server.service.impl.SystemUserServiceImpl] is not eligible for getting processed by all BeanPostProcessors (for example: not eligible for auto-proxying)
2018-09-19 21:03:13.339 INFO [restartedMain]o.s.c.s.PostProcessorRegistrationDelegate$BeanPostProcessorChecker.postProcessAfterInitialization:328 -Bean 'myShiroRealm' of type [com.yj.server.shiro.MyShiroRealm] is not eligible for getting processed by all BeanPostProcessors (for example: not eligible for auto-proxying)
2018-09-19 21:03:13.347 INFO [restartedMain]o.s.c.s.PostProcessorRegistrationDelegate$BeanPostProcessorChecker.postProcessAfterInitialization:328 -Bean 'securityManager' of type [org.apache.shiro.web.mgt.DefaultWebSecurityManager] is not eligible for getting processed by all BeanPostProcessors (for example: not eligible for auto-proxying)
2018-09-19 21:03:13.435 INFO [restartedMain]o.s.c.s.PostProcessorRegistrationDelegate$BeanPostProcessorChecker.postProcessAfterInitialization:328 -Bean 'authorizationAttributeSourceAdvisor' of type [org.apache.shiro.spring.security.interceptor.AuthorizationAttributeSourceAdvisor] is not eligible for getting processed by all BeanPostProcessors (for example: not eligible for auto-proxying)
2018-09-19 21:03:13.487 INFO [restartedMain]o.s.c.s.PostProcessorRegistrationDelegate$BeanPostProcessorChecker.postProcessAfterInitialization:328 -Bean 'org.springframework.transaction.annotation.ProxyTransactionManagementConfiguration' of type [org.springframework.transaction.annotation.ProxyTransactionManagementConfiguration$$EnhancerBySpringCGLIB$$6cbc622c] is not eligible for getting processed by all BeanPostProcessors (for example: not eligible for auto-proxying)
2018-09-19 21:03:14.219 INFO [restartedMain]o.s.boot.web.embedded.tomcat.TomcatWebServer.initialize:91 -Tomcat initialized with port(s): 88 (http)
2018-09-19 21:03:14.249 INFO [restartedMain]org.apache.coyote.http11.Http11NioProtocol.log:180 -Initializing ProtocolHandler ["http-nio-88"]
2018-09-19 21:03:14.265 INFO [restartedMain]org.apache.catalina.core.StandardService.log:180 -Starting service [Tomcat]
2018-09-19 21:03:14.266 INFO [restartedMain]org.apache.catalina.core.StandardEngine.log:180 -Starting Servlet Engine: Apache Tomcat/8.5.29
2018-09-19 21:03:14.278 INFO [localhost-startStop-1]org.apache.catalina.core.AprLifecycleListener.log:180 -The APR based Apache Tomcat Native library which allows optimal performance in production environments was not found on the java.library.path: [C:\Users\Administrator\AppData\Local\MyEclipse 2017 CI\binary\com.sun.java.jdk8.win32.x86_64_1.8.0.v112\bin;C:\windows\Sun\Java\bin;C:\windows\system32;C:\windows;C:\Program Files (x86)\Common Files\Oracle\Java\javapath;C:\windows\system32;C:\windows;C:\windows\System32\Wbem;C:\windows\System32\WindowsPowerShell\v1.0\;C:\Program Files\MySQL\MySQL Utilities 1.6\;D:\maven\apache-maven-3.5.4\bin;C:\Program Files\TortoiseSVN\bin;D:\软件\node_global;C;\Program Files (x86)\Microsoft VS Code\bin;C:\Program Files\Git\cmd;C:\Users\Administrator\AppData\Local\Microsoft\WindowsApps;D:\软件;C:\Users\Administrator\AppData\Roaming\npm;C:\Users\Administrator\AppData\Local\GitHubDesktop\bin;.]
2018-09-19 21:03:14.550 INFO [localhost-startStop-1]o.a.catalina.core.ContainerBase.[Tomcat].[localhost].[/].log:180 -Initializing Spring embedded WebApplicationContext
2018-09-19 21:03:14.550 INFO [localhost-startStop-1]org.springframework.web.context.ContextLoader.prepareWebApplicationContext:285 -Root WebApplicationContext: initialization completed in 4432 ms
2018-09-19 21:03:15.030 INFO [localhost-startStop-1]o.s.boot.web.servlet.ServletRegistrationBean.addRegistration:185 -Servlet dispatcherServlet mapped to [/]
2018-09-19 21:03:15.032 INFO [localhost-startStop-1]o.s.boot.web.servlet.ServletRegistrationBean.addRegistration:185 -Servlet statViewServlet mapped to [/druid/*]
2018-09-19 21:03:15.036 INFO [localhost-startStop-1]o.s.boot.web.servlet.FilterRegistrationBean.configure:244 -Mapping filter: 'characterEncodingFilter' to: [/*]
2018-09-19 21:03:15.036 INFO [localhost-startStop-1]o.s.boot.web.servlet.FilterRegistrationBean.configure:244 -Mapping filter: 'hiddenHttpMethodFilter' to: [/*]
2018-09-19 21:03:15.037 INFO [localhost-startStop-1]o.s.boot.web.servlet.FilterRegistrationBean.configure:244 -Mapping filter: 'httpPutFormContentFilter' to: [/*]
2018-09-19 21:03:15.037 INFO [localhost-startStop-1]o.s.boot.web.servlet.FilterRegistrationBean.configure:244 -Mapping filter: 'requestContextFilter' to: [/*]
2018-09-19 21:03:15.037 INFO [localhost-startStop-1]o.s.boot.web.servlet.FilterRegistrationBean.configure:257 -Mapping filter: 'webStatFilter' to urls: [/*]
2018-09-19 21:03:15.037 INFO [localhost-startStop-1]o.s.boot.web.servlet.FilterRegistrationBean.configure:244 -Mapping filter: 'shirFilter' to: [/*]
2018-09-19 21:03:15.844 INFO [restartedMain]o.s.web.servlet.handler.SimpleUrlHandlerMapping.registerHandler:373 -Mapped URL path [/**/favicon.ico] onto handler of type [class org.springframework.web.servlet.resource.ResourceHttpRequestHandler]
2018-09-19 21:03:16.373 INFO [restartedMain]o.s.w.s.m.method.annotation.RequestMappingHandlerAdapter.initControllerAdviceCache:574 -Looking for @ControllerAdvice: org.springframework.boot.web.servlet.context.AnnotationConfigServletWebServerApplicationContext@288eae9f: startup date [Wed Sep 19 21:03:10 CST 2018]; root of context hierarchy
2018-09-19 21:03:16.472 INFO [restartedMain]o.s.w.s.m.method.annotation.RequestMappingHandlerMapping.register:547 -Mapped "{[/]}" onto public java.lang.String com.yj.server.controller.HomePageController.index(org.springframework.ui.ModelMap)
2018-09-19 21:03:16.473 INFO [restartedMain]o.s.w.s.m.method.annotation.RequestMappingHandlerMapping.register:547 -Mapped "{[/vrcode]}" onto public void com.yj.server.controller.HomePageController.defaultKaptcha(java.lang.String,javax.servlet.http.HttpServletResponse)
2018-09-19 21:03:16.473 INFO [restartedMain]o.s.w.s.m.method.annotation.RequestMappingHandlerMapping.register:547 -Mapped "{[/back/login]}" onto public java.lang.String com.yj.server.controller.HomePageController.login(org.springframework.ui.ModelMap)
2018-09-19 21:03:16.476 INFO [restartedMain]o.s.w.s.m.method.annotation.RequestMappingHandlerMapping.register:547 -Mapped "{[/system/restLogin],methods=[POST]}" onto public com.yj.server.dto.Token com.yj.server.controller.LoginController.restfulLogin(java.lang.String,java.lang.String)
2018-09-19 21:03:16.476 INFO [restartedMain]o.s.w.s.m.method.annotation.RequestMappingHandlerMapping.register:547 -Mapped "{[/system/webLogin],methods=[POST]}" onto public com.yj.server.dto.ResponseInfo com.yj.server.controller.LoginController.login(java.lang.String,java.lang.String,java.lang.String,java.lang.String)
2018-09-19 21:03:16.478 INFO [restartedMain]o.s.w.s.m.method.annotation.RequestMappingHandlerMapping.register:547 -Mapped "{[/error]}" onto public org.springframework.http.ResponseEntity<java.util.Map<java.lang.String, java.lang.Object>> org.springframework.boot.autoconfigure.web.servlet.error.BasicErrorController.error(javax.servlet.http.HttpServletRequest)
2018-09-19 21:03:16.479 INFO [restartedMain]o.s.w.s.m.method.annotation.RequestMappingHandlerMapping.register:547 -Mapped "{[/error],produces=[text/html]}" onto public org.springframework.web.servlet.ModelAndView org.springframework.boot.autoconfigure.web.servlet.error.BasicErrorController.errorHtml(javax.servlet.http.HttpServletRequest,javax.servlet.http.HttpServletResponse)
2018-09-19 21:03:16.573 INFO [restartedMain]o.s.web.servlet.handler.SimpleUrlHandlerMapping.registerHandler:373 -Mapped URL path [/webjars/**] onto handler of type [class org.springframework.web.servlet.resource.ResourceHttpRequestHandler]
2018-09-19 21:03:16.573 INFO [restartedMain]o.s.web.servlet.handler.SimpleUrlHandlerMapping.registerHandler:373 -Mapped URL path [/**] onto handler of type [class org.springframework.web.servlet.resource.ResourceHttpRequestHandler]
2018-09-19 21:03:16.609 INFO [restartedMain]o.s.w.s.m.m.annotation.ExceptionHandlerExceptionResolver.initExceptionHandlerAdviceCache:288 -Detected @ExceptionHandler methods in exceptionHandlerAdvice
2018-09-19 21:03:16.769 WARN [restartedMain]org.thymeleaf.templatemode.TemplateMode.parse:150 -[THYMELEAF][restartedMain] Template Mode 'HTML5' is deprecated. Using Template Mode 'HTML' instead.
2018-09-19 21:03:16.857 INFO [restartedMain]o.s.b.a.web.servlet.WelcomePageHandlerMapping.<init>:56 -Adding welcome page: class path resource [templates/index.html]
2018-09-19 21:03:17.397 INFO [restartedMain]o.s.web.servlet.view.freemarker.FreeMarkerConfigurer.postProcessTemplateLoaders:131 -ClassTemplateLoader for Spring macros added to FreeMarker configuration
2018-09-19 21:03:18.141 INFO [restartedMain]o.s.boot.devtools.autoconfigure.OptionalLiveReloadServer.startServer:57 -LiveReload server is running on port 35729
2018-09-19 21:03:18.179 INFO [restartedMain]o.s.jmx.export.annotation.AnnotationMBeanExporter.afterSingletonsInstantiated:433 -Registering beans for JMX exposure on startup
2018-09-19 21:03:18.180 INFO [restartedMain]o.s.jmx.export.annotation.AnnotationMBeanExporter.autodetect:895 -Bean with name 'statFilter' has been autodetected for JMX exposure
2018-09-19 21:03:18.180 INFO [restartedMain]o.s.jmx.export.annotation.AnnotationMBeanExporter.autodetect:895 -Bean with name 'dataSource' has been autodetected for JMX exposure
2018-09-19 21:03:18.187 INFO [restartedMain]o.s.jmx.export.annotation.AnnotationMBeanExporter.registerBeanInstance:668 -Located MBean 'dataSource': registering with JMX server as MBean [com.alibaba.druid.spring.boot.autoconfigure:name=dataSource,type=DruidDataSourceWrapper]
2018-09-19 21:03:18.188 INFO [restartedMain]o.s.jmx.export.annotation.AnnotationMBeanExporter.registerBeanInstance:668 -Located MBean 'statFilter': registering with JMX server as MBean [com.alibaba.druid.filter.stat:name=statFilter,type=StatFilter]
2018-09-19 21:03:18.194 INFO [restartedMain]o.s.context.support.DefaultLifecycleProcessor.start:351 -Starting beans in phase 2147483647
2018-09-19 21:03:18.202 INFO [restartedMain]org.apache.coyote.http11.Http11NioProtocol.log:180 -Starting ProtocolHandler ["http-nio-88"]
2018-09-19 21:03:18.223 INFO [restartedMain]org.apache.tomcat.util.net.NioSelectorPool.log:180 -Using a shared selector for servlet write/read
2018-09-19 21:03:18.241 INFO [restartedMain]o.s.boot.web.embedded.tomcat.TomcatWebServer.start:206 -Tomcat started on port(s): 88 (http) with context path ''
2018-09-19 21:03:18.246 INFO [restartedMain]com.yj.server.BackendApplication.logStarted:59 -Started BackendApplication in 8.752 seconds (JVM running for 9.52)
2018-09-19 21:03:44.928 INFO [http-nio-88-exec-1]o.a.catalina.core.ContainerBase.[Tomcat].[localhost].[/].log:180 -Initializing Spring FrameworkServlet 'dispatcherServlet'
2018-09-19 21:03:44.928 INFO [http-nio-88-exec-1]org.springframework.web.servlet.DispatcherServlet.initServletBean:494 -FrameworkServlet 'dispatcherServlet': initialization started
2018-09-19 21:03:44.971 INFO [http-nio-88-exec-1]org.springframework.web.servlet.DispatcherServlet.initServletBean:509 -FrameworkServlet 'dispatcherServlet': initialization completed in 42 ms
2018-09-19 21:04:10.159 INFO [http-nio-88-exec-2]io.lettuce.core.EpollProvider.info:101 -Starting without optional epoll library
2018-09-19 21:04:10.161 INFO [http-nio-88-exec-2]io.lettuce.core.KqueueProvider.info:101 -Starting without optional kqueue library
2018-09-19 21:04:19.107 INFO [http-nio-88-exec-1]o.s.s.annotation.AnnotationAsyncExecutionInterceptor.getDefaultExecutor:248 -No task executor bean found for async processing: no bean of type TaskExecutor and no bean named 'taskExecutor' either
